<?xml version="1.0" encoding="UTF-8"?>
<!-- Generated by org.testng.reporters.JUnitReportReporter -->
<testsuite skipped="0" hostname="LAPTOP-E20AETQ6" name="TestNG.Global" tests="1" failures="0" timestamp="2020-02-02T22:53:19 IST" time="10.213" errors="0">
  <testcase name="Login" time="10.213" classname="TestNG.Global"/>
</testsuite> <!-- TestNG.Global -->
