<?xml version="1.0" encoding="UTF-8"?>
<!-- Generated by org.testng.reporters.JUnitReportReporter -->
<testsuite skipped="0" hostname="LAPTOP-E20AETQ6" name="TestNG.Priority" tests="4" failures="0" timestamp="2020-02-05T22:28:41 IST" time="0.015" errors="0">
  <testcase name="zChromeLoginPersonalLoan" time="0.008" classname="TestNG.Priority"/>
  <testcase name="WebLoginPersonalLoan" time="0.002" classname="TestNG.Priority"/>
  <testcase name="MobileLoginPersonalLoan" time="0.003" classname="TestNG.Priority"/>
  <testcase name="ChromeLoginPersonalLoan" time="0.002" classname="TestNG.Priority"/>
</testsuite> <!-- TestNG.Priority -->
