<?xml version="1.0" encoding="UTF-8"?>
<!-- Generated by org.testng.reporters.JUnitReportReporter -->
<testsuite skipped="0" hostname="LAPTOP-E20AETQ6" name="TestNG.day3" tests="1" failures="0" timestamp="2020-02-02T02:04:24 IST" time="0.002" errors="0">
  <testcase name="ChromeLoginCarLoan" time="0.002" classname="TestNG.day3"/>
</testsuite> <!-- TestNG.day3 -->
