<?xml version="1.0" encoding="UTF-8"?>
<!-- Generated by org.testng.reporters.JUnitReportReporter -->
<testsuite skipped="0" hostname="LAPTOP-E20AETQ6" name="TestNG.day2" tests="1" failures="0" timestamp="2020-02-02T02:04:24 IST" time="0.001" errors="0">
  <testcase name="ChromeLoginHomeLoan" time="0.001" classname="TestNG.day2"/>
</testsuite> <!-- TestNG.day2 -->
