<?xml version="1.0" encoding="UTF-8"?>
<!-- Generated by org.testng.reporters.JUnitReportReporter -->
<testsuite skipped="0" hostname="LAPTOP-E20AETQ6" name="TestNG.day4" tests="4" failures="0" timestamp="2020-02-05T22:27:04 IST" time="0.024" errors="0">
  <testcase name="zChromeLoginPersonalLoan" time="0.009" classname="TestNG.day4"/>
  <testcase name="WebLoginPersonalLoan" time="0.002" classname="TestNG.day4"/>
  <testcase name="MobileLoginPersonalLoan" time="0.011" classname="TestNG.day4"/>
  <testcase name="ChromeLoginPersonalLoan" time="0.002" classname="TestNG.day4"/>
</testsuite> <!-- TestNG.day4 -->
