<?xml version="1.0" encoding="UTF-8"?>
<!-- Generated by org.testng.reporters.JUnitReportReporter -->
<testsuite skipped="0" hostname="LAPTOP-E20AETQ6" name="Framework_TestNG.DataDrivenWithMultipleTestData" tests="2" failures="0" timestamp="2020-03-09T00:21:49 IST" time="21.775" errors="0">
  <testcase name="MultipleData" time="14.367" classname="Framework_TestNG.DataDrivenWithMultipleTestData"/>
  <testcase name="MultipleData" time="7.408" classname="Framework_TestNG.DataDrivenWithMultipleTestData"/>
</testsuite> <!-- Framework_TestNG.DataDrivenWithMultipleTestData -->
