<?xml version="1.0" encoding="UTF-8"?>
<!-- Generated by org.testng.reporters.JUnitReportReporter -->
<testsuite skipped="0" hostname="LAPTOP-E20AETQ6" name="Framework_Scretch.HomePage" tests="1" failures="0" timestamp="2020-03-03T23:31:04 IST" time="23.509" errors="0">
  <testcase name="basePageNavigation" time="23.509" classname="Framework_Scretch.HomePage"/>
</testsuite> <!-- Framework_Scretch.HomePage -->
