<?xml version="1.0" encoding="UTF-8"?>
<!-- Generated by org.testng.reporters.JUnitReportReporter -->
<testsuite skipped="0" hostname="LAPTOP-E20AETQ6" name="TestNG.day1" tests="3" failures="0" timestamp="2020-02-01T23:05:23 IST" time="0.037" errors="0">
  <testcase name="WebLoginPersonalLoan" time="0.000" classname="TestNG.day1"/>
  <testcase name="ChromeLoginPersonalLoan" time="0.037" classname="TestNG.day1"/>
  <testcase name="MobileLoginPersonalLoan" time="0.000" classname="TestNG.day1"/>
</testsuite> <!-- TestNG.day1 -->
