<?xml version="1.0" encoding="UTF-8"?>
<!-- Generated by org.testng.reporters.JUnitReportReporter -->
<testsuite skipped="0" hostname="LAPTOP-E20AETQ6" name="Assesment.DataBase" tests="1" failures="0" timestamp="21 Jan 2021 19:26:57 GMT" time="0.023" errors="0">
  <testcase name="TestVerifyDB" time="0.023" classname="Assesment.DataBase"/>
</testsuite> <!-- Assesment.DataBase -->
