<?xml version="1.0" encoding="UTF-8"?>
<!-- Generated by org.testng.reporters.JUnitReportReporter -->
<testsuite skipped="0" hostname="LAPTOP-E20AETQ6" name="Automation.AppiumMaven.RahulTest" tests="3" failures="0" timestamp="2021-01-20T21:08:40 IST" time="0.019" errors="0">
  <testcase name="ElementUI" time="0.008" classname="Automation.AppiumMaven.RahulTest"/>
  <system-out/>
  <testcase name="BrowserAutomation" time="0.005" classname="Automation.AppiumMaven.RahulTest"/>
  <system-out/>
  <testcase name="Exam" time="0.006" classname="Automation.AppiumMaven.RahulTest"/>
  <system-out/>
</testsuite> <!-- Automation.AppiumMaven.RahulTest -->
