<?xml version="1.0" encoding="UTF-8"?>
<!-- Generated by org.testng.reporters.JUnitReportReporter -->
<testsuite skipped="0" hostname="LAPTOP-E20AETQ6" name="Automation.AppiumMaven.SeliniumTest" tests="2" failures="0" timestamp="2021-01-20T21:08:40 IST" time="0.025" errors="0">
  <testcase name="BrowserAutomation" time="0.016" classname="Automation.AppiumMaven.SeliniumTest"/>
  <system-out/>
  <testcase name="ElementUI" time="0.009" classname="Automation.AppiumMaven.SeliniumTest"/>
  <system-out/>
</testsuite> <!-- Automation.AppiumMaven.SeliniumTest -->
