<?xml version="1.0" encoding="UTF-8"?>
<!-- Generated by org.testng.reporters.JUnitReportReporter -->
<testsuite skipped="0" hostname="LAPTOP-E20AETQ6" name="Automation.AppiumMaven.AppiumTest" tests="2" failures="0" timestamp="2021-01-20T21:08:40 IST" time="0.007" errors="0">
  <testcase name="AndroidApp" time="0.003" classname="Automation.AppiumMaven.AppiumTest"/>
  <system-out/>
  <testcase name="IosApp" time="0.004" classname="Automation.AppiumMaven.AppiumTest"/>
  <system-out/>
</testsuite> <!-- Automation.AppiumMaven.AppiumTest -->
