<?xml version="1.0" encoding="UTF-8"?>
<!-- Generated by org.testng.reporters.JUnitReportReporter -->
<testsuite skipped="0" hostname="LAPTOP-E20AETQ6" name="qaclick.AppiunTest" tests="2" failures="0" timestamp="02 Feb 2020 20:14:17 GMT" time="0.023" errors="0">
  <testcase name="BrowserAutomation" time="0.023" classname="qaclick.AppiunTest"/>
  <testcase name="ElementApi" time="0.000" classname="qaclick.AppiunTest"/>
</testsuite> <!-- qaclick.AppiunTest -->
