<?xml version="1.0" encoding="UTF-8"?>
<!-- Generated by org.testng.reporters.JUnitReportReporter -->
<testsuite skipped="0" hostname="LAPTOP-E20AETQ6" name="qaclick.SeliniumTest" tests="2" failures="0" timestamp="02 Feb 2020 20:10:53 GMT" time="0.000" errors="0">
  <testcase name="BrowserAutomation" time="0.000" classname="qaclick.SeliniumTest"/>
  <testcase name="ElementApi" time="0.000" classname="qaclick.SeliniumTest"/>
</testsuite> <!-- qaclick.SeliniumTest -->
