<?xml version="1.0" encoding="UTF-8"?>
<!-- Generated by org.testng.reporters.JUnitReportReporter -->
<testsuite skipped="0" hostname="LAPTOP-E20AETQ6" name="Automation.AppiumMaven.SeliniumTest" tests="2" failures="0" timestamp="2021-01-21T13:26:49 IST" time="0.001" errors="0">
  <testcase name="ElementUI" time="0.001" classname="Automation.AppiumMaven.SeliniumTest"/>
  <system-out/>
  <testcase name="BrowserAutomation" time="0.000" classname="Automation.AppiumMaven.SeliniumTest"/>
  <system-out/>
</testsuite> <!-- Automation.AppiumMaven.SeliniumTest -->
