<?xml version="1.0" encoding="UTF-8"?>
<!-- Generated by org.testng.reporters.JUnitReportReporter -->
<testsuite skipped="0" hostname="LAPTOP-E20AETQ6" name="Automation.AppiumMaven.RahulTest" tests="3" failures="0" timestamp="2021-01-21T13:26:48 IST" time="0.003" errors="0">
  <testcase name="BrowserAutomation" time="0.002" classname="Automation.AppiumMaven.RahulTest"/>
  <system-out/>
  <testcase name="ElementUI" time="0.001" classname="Automation.AppiumMaven.RahulTest"/>
  <system-out/>
  <testcase name="Exam" time="0.000" classname="Automation.AppiumMaven.RahulTest"/>
  <system-out/>
</testsuite> <!-- Automation.AppiumMaven.RahulTest -->
