<?xml version="1.0" encoding="UTF-8"?>
<!-- Generated by org.testng.reporters.JUnitReportReporter -->
<testsuite skipped="0" hostname="LAPTOP-E20AETQ6" name="Automation.AppiumMaven.RestApiTest" tests="2" failures="0" timestamp="2021-01-21T13:26:49 IST" time="0.003" errors="0">
  <testcase name="PostJira" time="0.001" classname="Automation.AppiumMaven.RestApiTest"/>
  <system-out/>
  <testcase name="DeleteTwitter" time="0.002" classname="Automation.AppiumMaven.RestApiTest"/>
  <system-out/>
</testsuite> <!-- Automation.AppiumMaven.RestApiTest -->
