<?xml version="1.0" encoding="UTF-8"?>
<!-- Generated by org.testng.reporters.JUnitReportReporter -->
<testsuite skipped="0" hostname="LAPTOP-E20AETQ6" name="Test.day2" tests="3" failures="0" timestamp="2020-08-15T23:21:56 IST" time="0.006" errors="0">
  <testcase name="WebLoginHomeLoan" time="0.002" classname="Test.day2"/>
  <system-out/>
  <testcase name="MobileLoginHomeLoan" time="0.001" classname="Test.day2"/>
  <system-out/>
  <testcase name="ApiLoginHomeLoan" time="0.003" classname="Test.day2"/>
  <system-out/>
</testsuite> <!-- Test.day2 -->
