<?xml version="1.0" encoding="UTF-8"?>
<!-- Generated by org.testng.reporters.JUnitReportReporter -->
<testsuite skipped="0" hostname="LAPTOP-E20AETQ6" name="Test.Car" tests="3" failures="0" timestamp="2020-08-18T23:13:35 IST" time="0.018" errors="0">
  <testcase name="WebLoginCarLoan" time="0.008" classname="Test.Car"/>
  <system-out/>
  <testcase name="ApiLoginCarLoan" time="0.010" classname="Test.Car"/>
  <system-out/>
  <testcase name="MobileLoginCarLoan" time="0.000" classname="Test.Car"/>
  <system-out/>
</testsuite> <!-- Test.Car -->
