<?xml version="1.0" encoding="UTF-8"?>
<!-- Generated by org.testng.reporters.JUnitReportReporter -->
<testsuite skipped="0" hostname="LAPTOP-E20AETQ6" name="Test.DataProvider_Concept" tests="4" failures="0" timestamp="2020-08-18T23:28:40 IST" time="0.007" errors="0">
  <testcase name="pass3" time="0.003" classname="Test.DataProvider_Concept"/>
  <system-out/>
  <testcase name="pass2" time="0.000" classname="Test.DataProvider_Concept"/>
  <system-out/>
  <testcase name="pass2" time="0.004" classname="Test.DataProvider_Concept"/>
  <system-out/>
  <testcase name="pass2" time="0.000" classname="Test.DataProvider_Concept"/>
  <system-out/>
</testsuite> <!-- Test.DataProvider_Concept -->
