<?xml version="1.0" encoding="UTF-8"?>
<!-- Generated by org.testng.reporters.JUnitReportReporter -->
<testsuite skipped="0" hostname="LAPTOP-E20AETQ6" name="Test.PASS" tests="2" failures="0" timestamp="2020-08-18T23:28:40 IST" time="0.019" errors="0">
  <testcase name="pass3" time="0.008" classname="Test.PASS"/>
  <system-out/>
  <testcase name="pass1" time="0.011" classname="Test.PASS"/>
  <system-out/>
</testsuite> <!-- Test.PASS -->
