<?xml version="1.0" encoding="UTF-8"?>
<!-- Generated by org.testng.reporters.JUnitReportReporter -->
<testsuite skipped="0" hostname="LAPTOP-E20AETQ6" name="Test.Home" tests="3" failures="0" timestamp="2020-08-18T23:28:40 IST" time="0.007" errors="0">
  <testcase name="MobileLoginHomeLoan" time="0.003" classname="Test.Home"/>
  <system-out/>
  <testcase name="ApiLoginHomeLoan" time="0.002" classname="Test.Home"/>
  <system-out/>
  <testcase name="WebLoginHomeLoan" time="0.002" classname="Test.Home"/>
  <system-out/>
</testsuite> <!-- Test.Home -->
