<?xml version="1.0" encoding="UTF-8"?>
<!-- Generated by org.testng.reporters.JUnitReportReporter -->
<testsuite skipped="0" hostname="LAPTOP-E20AETQ6" name="Test.day1" tests="3" failures="0" timestamp="2020-08-15T23:21:56 IST" time="0.018" errors="0">
  <testcase name="MobileLoginCarLoan" time="0.002" classname="Test.day1"/>
  <system-out/>
  <testcase name="WebLoginCarLoan" time="0.000" classname="Test.day1"/>
  <system-out/>
  <testcase name="ApiLoginCarLoan" time="0.016" classname="Test.day1"/>
  <system-out/>
</testsuite> <!-- Test.day1 -->
