<?xml version="1.0" encoding="UTF-8"?>
<!-- Generated by org.testng.reporters.JUnitReportReporter -->
<testsuite skipped="0" hostname="LAPTOP-E20AETQ6" name="Test.day3" tests="3" failures="0" timestamp="2020-08-15T23:21:56 IST" time="0.006" errors="0">
  <testcase name="ApiLoginPersonalLoan" time="0.000" classname="Test.day3"/>
  <system-out/>
  <testcase name="MobileLoginPersonalLoan" time="0.003" classname="Test.day3"/>
  <system-out/>
  <testcase name="WebLoginPersonalLoan" time="0.003" classname="Test.day3"/>
  <system-out/>
</testsuite> <!-- Test.day3 -->
