<?xml version="1.0" encoding="UTF-8"?>
<!-- Generated by org.testng.reporters.JUnitReportReporter -->
<testsuite skipped="1" hostname="LAPTOP-E20AETQ6" name="Test.Personal" tests="6" failures="0" timestamp="2020-08-18T23:28:40 IST" time="0.012" errors="0">
  <testcase name="ApiLoginPersonalLoan" time="0.003" classname="Test.Personal"/>
  <system-out/>
  <testcase name="WebLoginPersonalLoan" time="0.001" classname="Test.Personal"/>
  <system-out/>
  <testcase name="MobileLoginPersonalLoan" time="0.002" classname="Test.Personal"/>
  <system-out/>
  <testcase name="ApiZLoginPersonalLoan" time="0.002" classname="Test.Personal"/>
  <system-out/>
  <testcase name="MobileSignInPersonalLoan" time="0.004" classname="Test.Personal"/>
  <system-out/>
  <testcase name="MobileLogOutPersonalLoan" classname="Test.Personal">
    <skipped/>
  </testcase> <!-- MobileLogOutPersonalLoan -->
  <system-out/>
</testsuite> <!-- Test.Personal -->
