<?xml version="1.0" encoding="UTF-8"?>
<!-- Generated by org.testng.reporters.JUnitReportReporter -->
<testsuite skipped="0" hostname="LAPTOP-E20AETQ6" name="Api_Basics.DynamicJson" tests="3" failures="0" timestamp="2020-04-05T03:28:31 IST" time="5.989" errors="0">
  <testcase name="addBook" time="5.658" classname="Api_Basics.DynamicJson"/>
  <testcase name="addBook" time="0.171" classname="Api_Basics.DynamicJson"/>
  <testcase name="addBook" time="0.160" classname="Api_Basics.DynamicJson"/>
</testsuite> <!-- Api_Basics.DynamicJson -->
