<?xml version="1.0" encoding="UTF-8"?>
<!-- Generated by org.testng.reporters.JUnitReportReporter -->
<testsuite skipped="0" hostname="LAPTOP-E20AETQ6" name="Api_Basics.SumValidation" tests="1" failures="0" timestamp="2020-04-05T01:41:35 IST" time="3.365" errors="0">
  <testcase name="sum" time="3.365" classname="Api_Basics.SumValidation"/>
</testsuite> <!-- Api_Basics.SumValidation -->
