<?xml version="1.0" encoding="UTF-8"?>
<!-- Generated by org.testng.reporters.JUnitReportReporter -->
<testsuite skipped="0" hostname="LAPTOP-E20AETQ6" name="Automation.MobileMaven.AppiumTest" tests="2" failures="0" timestamp="2021-01-21T14:57:00 IST" time="0.012" errors="0">
  <testcase name="AndroidApp" time="0.012" classname="Automation.MobileMaven.AppiumTest"/>
  <system-out/>
  <testcase name="IosApp" time="0.000" classname="Automation.MobileMaven.AppiumTest"/>
  <system-out/>
</testsuite> <!-- Automation.MobileMaven.AppiumTest -->
